{"level":"error","message":"error al cargar el chat de mensajes"}
{"level":"warn","message":"Ruta GET /socket.io/socket.io.js no implementada"}
{"level":"warn","message":"Ruta GET /js/login.js no implementada"}
{"level":"warn","message":"Ruta GET /favicon.ico no implementada"}
{"level":"warn","message":"Ruta GET /api/productos-test no implementada"}
{"level":"warn","message":"Ruta GET /favicon.ico no implementada"}
{"level":"warn","message":"Ruta GET /favicon.ico no implementada"}
{"level":"error","message":"error al cargar el chat de mensajes"}
{"level":"warn","message":"Ruta GET /socket.io/socket.io.js no implementada"}
{"level":"warn","message":"Ruta GET /js/login.js no implementada"}
{"level":"warn","message":"Ruta GET /favicon.ico no implementada"}
{"level":"warn","message":"Ruta GET /socket.io/socket.io.js no implementada"}
{"level":"warn","message":"Ruta GET /js/login.js no implementada"}
{"level":"warn","message":"Ruta GET /favicon.ico no implementada"}
{"level":"warn","message":"Ruta GET /favicon.ico no implementada"}
{"level":"warn","message":"Ruta GET /favicon.ico no implementada"}
{"level":"error","message":"error al cargar el chat de mensajes"}
{"level":"warn","message":"Ruta GET /socket.io/socket.io.js no implementada"}
{"level":"warn","message":"Ruta GET /js/login.js no implementada"}
{"level":"warn","message":"Ruta GET /favicon.ico no implementada"}
